<?xml version="1.0" encoding="UTF-8"?>
<testng-results ignored="0" total="1" passed="1" failed="0" skipped="0">
  <reporter-output>
  </reporter-output>
  <suite started-at="2025-02-18T23:07:56 IST" name="Default suite" finished-at="2025-02-18T23:08:00 IST" duration-ms="3730">
    <groups>
    </groups>
    <test started-at="2025-02-18T23:07:56 IST" name="Default test" finished-at="2025-02-18T23:08:00 IST" duration-ms="3730">
      <class name="extendsreports.LearnExtentReports">
        <test-method signature="createreports()[pri:0, instance:extendsreports.LearnExtentReports@3590fc5b]" started-at="2025-02-18T23:07:57 IST" name="createreports" finished-at="2025-02-18T23:08:00 IST" duration-ms="3255" status="PASS">
          <reporter-output>
          </reporter-output>
        </test-method> <!-- createreports -->
      </class> <!-- extendsreports.LearnExtentReports -->
    </test> <!-- Default test -->
  </suite> <!-- Default suite -->
</testng-results>
